FATAL 2016-09-21 19:22:40,587 Could not find card '' at line 2: 3 [KTK:248] Windswept Heath
Could not find card '' at line 3: 4 [KTK:249] Wooded Foothills
Could not find card '' at line 4: 6 [BFZ:269a] Mountain
Could not find card '' at line 5: 2 [ORI:157] Pia and Kiran Nalaar
Could not find card '' at line 6: 4 [M13:170] Farseek
Could not find card '' at line 7: 2 [ZEN:172] Oracle of Mul Daya
Could not find card '' at line 8: 3 [FUT:139] Summoner's Pact
Could not find card '' at line 9: 2 [BFZ:272a] Forest
Could not find card '' at line 10: 4 [GPT:165] Stomping Ground
Could not find card '' at line 11: 4 [M11:192] Primeval Titan
Could not find card '' at line 12: 4 [ZEN:228] Valakut, the Molten Pinnacle
Could not find card '' at line 13: 4 [TSP:216] Search for Tomorrow
Could not find card '' at line 14: 4 [LEB:163] Lightning Bolt
Could not find card '' at line 15: 2 [BFZ:235] Cinder Glade
Could not find card '' at line 16: 4 [OGW:140] Oath of Nissa
Could not find card '' at line 17: 4 [CHK:239] Sakura-Tribe Elder
Could not find card '' at line 18: 4 [CHK:193] Through the Breach
Could not find card '' at line 19: SB: 1 [M15:194] Reclamation Sage
Could not find card '' at line 20: SB: 3 [M11:188] Obstinate Baloth
Could not find card '' at line 21: SB: 1 [M11:174] Gaea's Revenge
Could not find card '' at line 22: SB: 1 [TSP:143] Ancient Grudge
Could not find card '' at line 23: SB: 3 [THS:112] Anger of the Gods
Could not find card '' at line 24: SB: 1 [MM2:230] Spellskite
Could not find card '' at line 25: SB: 2 [MRD:150] Chalice of the Void
Could not find card '' at line 26: SB: 3 [EMA:231] Relic of Progenitus
 =>[AWT-EventQueue-0] DeckImporter.importDeck 
FATAL 2016-09-21 19:25:13,820 Could not find card '' at line 2: 3 [KTK:248] Windswept Heath
Could not find card '' at line 3: 4 [KTK:249] Wooded Foothills
Could not find card '' at line 4: 6 [BFZ:269a] Mountain
Could not find card '' at line 5: 2 [ORI:157] Pia and Kiran Nalaar
Could not find card '' at line 6: 4 [M13:170] Farseek
Could not find card '' at line 7: 2 [ZEN:172] Oracle of Mul Daya
Could not find card '' at line 8: 3 [FUT:139] Summoner's Pact
Could not find card '' at line 9: 2 [BFZ:272a] Forest
Could not find card '' at line 10: 4 [GPT:165] Stomping Ground
Could not find card '' at line 11: 4 [M11:192] Primeval Titan
Could not find card '' at line 12: 4 [ZEN:228] Valakut, the Molten Pinnacle
Could not find card '' at line 13: 4 [TSP:216] Search for Tomorrow
Could not find card '' at line 14: 4 [LEB:163] Lightning Bolt
Could not find card '' at line 15: 2 [BFZ:235] Cinder Glade
Could not find card '' at line 16: 4 [OGW:140] Oath of Nissa
Could not find card '' at line 17: 4 [CHK:239] Sakura-Tribe Elder
Could not find card '' at line 18: 4 [CHK:193] Through the Breach
Could not find card '' at line 19: SB: 1 [M15:194] Reclamation Sage
Could not find card '' at line 20: SB: 3 [M11:188] Obstinate Baloth
Could not find card '' at line 21: SB: 1 [M11:174] Gaea's Revenge
Could not find card '' at line 22: SB: 1 [TSP:143] Ancient Grudge
Could not find card '' at line 23: SB: 3 [THS:112] Anger of the Gods
Could not find card '' at line 24: SB: 1 [MM2:230] Spellskite
Could not find card '' at line 25: SB: 2 [MRD:150] Chalice of the Void
Could not find card '' at line 26: SB: 3 [EMA:231] Relic of Progenitus
 =>[AWT-EventQueue-0] DeckImporter.importDeck 
INFO  2016-09-21 19:25:13,827 Loaded 0                                                                                   =>[AWT-EventQueue-0] DragCardGrid$1.actionPerformed 
FATAL 2016-09-21 19:38:03,322 Could not find card '' at line 2: 3 [KTK:248] Windswept Heath
Could not find card '' at line 3: 4 [KTK:249] Wooded Foothills
Could not find card '' at line 4: 6 [BFZ:269a] Mountain
Could not find card '' at line 5: 2 [ORI:157] Pia and Kiran Nalaar
Could not find card '' at line 6: 4 [M13:170] Farseek
Could not find card '' at line 7: 2 [ZEN:172] Oracle of Mul Daya
Could not find card '' at line 8: 3 [FUT:139] Summoner's Pact
Could not find card '' at line 9: 2 [BFZ:272a] Forest
Could not find card '' at line 10: 4 [GPT:165] Stomping Ground
Could not find card '' at line 11: 4 [M11:192] Primeval Titan
Could not find card '' at line 12: 4 [ZEN:228] Valakut, the Molten Pinnacle
Could not find card '' at line 13: 4 [TSP:216] Search for Tomorrow
Could not find card '' at line 14: 4 [LEB:163] Lightning Bolt
Could not find card '' at line 15: 2 [BFZ:235] Cinder Glade
Could not find card '' at line 16: 4 [OGW:140] Oath of Nissa
Could not find card '' at line 17: 4 [CHK:239] Sakura-Tribe Elder
Could not find card '' at line 18: 4 [CHK:193] Through the Breach
Could not find card '' at line 19: SB: 1 [M15:194] Reclamation Sage
Could not find card '' at line 20: SB: 3 [M11:188] Obstinate Baloth
Could not find card '' at line 21: SB: 1 [M11:174] Gaea's Revenge
Could not find card '' at line 22: SB: 1 [TSP:143] Ancient Grudge
Could not find card '' at line 23: SB: 3 [THS:112] Anger of the Gods
Could not find card '' at line 24: SB: 1 [MM2:230] Spellskite
Could not find card '' at line 25: SB: 2 [MRD:150] Chalice of the Void
Could not find card '' at line 26: SB: 3 [EMA:231] Relic of Progenitus
 =>[AWT-EventQueue-0] DeckImporter.importDeck 
INFO  2016-09-21 19:38:03,330 Loaded 0                                                                                   =>[AWT-EventQueue-0] DragCardGrid$1.actionPerformed 
