INFO  2018-04-05 13:50:29,691 Starting MAGE server version 1.4.28V1                                                      =>[main] Main.main
INFO  2018-04-05 13:50:29,699 Logging level: DEBUG                                                                       =>[main] Main.main
FATAL 2018-04-05 13:50:30,123 ConfigSettings error                                                                       =>[main] ConfigSettings.<init>
javax.xml.bind.UnmarshalException
 - with linked exception:
[java.io.FileNotFoundException: C:\Users\thoma_000\Desktop\mage\Mage.Server\src\config\config.xml (The system cannot find the path specified)]
	at com.sun.xml.bind.v2.runtime.unmarshaller.UnmarshallerImpl.unmarshal0(UnmarshallerImpl.java:220)
	at com.sun.xml.bind.v2.runtime.unmarshaller.UnmarshallerImpl.unmarshal(UnmarshallerImpl.java:189)
	at javax.xml.bind.helpers.AbstractUnmarshallerImpl.unmarshal(AbstractUnmarshallerImpl.java:157)
	at javax.xml.bind.helpers.AbstractUnmarshallerImpl.unmarshal(AbstractUnmarshallerImpl.java:162)
	at javax.xml.bind.helpers.AbstractUnmarshallerImpl.unmarshal(AbstractUnmarshallerImpl.java:171)
	at javax.xml.bind.helpers.AbstractUnmarshallerImpl.unmarshal(AbstractUnmarshallerImpl.java:189)
	at mage.server.util.ConfigSettings.<init>(ConfigSettings.java:53)
	at mage.server.util.ConfigSettings.<clinit>(ConfigSettings.java:44)
	at mage.server.Main.main(Main.java:108)
Caused by: java.io.FileNotFoundException: C:\Users\thoma_000\Desktop\mage\Mage.Server\src\config\config.xml (The system cannot find the path specified)
	at java.io.FileInputStream.open0(Native Method)
	at java.io.FileInputStream.open(FileInputStream.java:195)
	at java.io.FileInputStream.<init>(FileInputStream.java:138)
	at java.io.FileInputStream.<init>(FileInputStream.java:93)
	at sun.net.www.protocol.file.FileURLConnection.connect(FileURLConnection.java:90)
	at sun.net.www.protocol.file.FileURLConnection.getInputStream(FileURLConnection.java:188)
	at com.sun.org.apache.xerces.internal.impl.XMLEntityManager.setupCurrentEntity(XMLEntityManager.java:623)
	at com.sun.org.apache.xerces.internal.impl.XMLVersionDetector.determineDocVersion(XMLVersionDetector.java:148)
	at com.sun.org.apache.xerces.internal.parsers.XML11Configuration.parse(XML11Configuration.java:806)
	at com.sun.org.apache.xerces.internal.parsers.XML11Configuration.parse(XML11Configuration.java:771)
	at com.sun.org.apache.xerces.internal.parsers.XMLParser.parse(XMLParser.java:141)
	at com.sun.org.apache.xerces.internal.parsers.AbstractSAXParser.parse(AbstractSAXParser.java:1213)
	at com.sun.org.apache.xerces.internal.jaxp.SAXParserImpl$JAXPSAXParser.parse(SAXParserImpl.java:643)
	at com.sun.xml.bind.v2.runtime.unmarshaller.UnmarshallerImpl.unmarshal0(UnmarshallerImpl.java:217)
	... 8 more
